

Version:	3.12
CmdLine:	C:\Users\David\Actual Documents\Programming Projects\NetBeans Projects\AAA\Executable\AAA.exe --l4j-debug
WOW64:		yes
Create mutex:	AAA
Working dir:	C:\Users\David\Actual Documents\Programming Projects\NetBeans Projects\AAA\Executable\.
Java min ver:	1.002.000
Java max ver:	1.010.000
64-bit search:	SOFTWARE\JavaSoft\Java Runtime Environment...
32-bit search:	SOFTWARE\JavaSoft\Java Runtime Environment...
Check:		SOFTWARE\JavaSoft\Java Runtime Environment\1.8
Check launcher:	C:\Program Files (x86)\Java\jre1.8.0_191\bin\javaw.exe (OK)
Match:		1.008.000
Check:		SOFTWARE\JavaSoft\Java Runtime Environment\1.8.0_191
Check launcher:	C:\Program Files (x86)\Java\jre1.8.0_191\bin\javaw.exe (OK)
Match:		1.008.000_191
64-bit search:	SOFTWARE\JavaSoft\Java Development Kit...
Check:		SOFTWARE\JavaSoft\Java Development Kit\1.8
Ignore:		1.008.000
Check:		SOFTWARE\JavaSoft\Java Development Kit\1.8.0_171
Ignore:		1.008.000_171
32-bit search:	SOFTWARE\JavaSoft\Java Development Kit...
64-bit search:	SOFTWARE\JavaSoft\JRE...
32-bit search:	SOFTWARE\JavaSoft\JRE...
64-bit search:	SOFTWARE\JavaSoft\JDK...
32-bit search:	SOFTWARE\JavaSoft\JDK...
Runtime used:	1.008.000_191 (32-bit)
Main class:	code.MainGame
Add classpath:	*.*
      "      :	.
      "      :	..
      "      :	AAA.exe
      "      :	jinput-dx8.dll
      "      :	jinput-dx8_64.dll
      "      :	jinput-raw.dll
      "      :	jinput-raw_64.dll
      "      :	jinput.jar
      "      :	launch4j.log
      "      :	lwjgl.dll
      "      :	lwjgl.jar
      "      :	lwjgl64.dll
      "      :	lwjgl_util.jar
      "      :	OpenAL32.dll
      "      :	OpenAL64.dll
      "      :	slick.jar
Launcher:	C:\Program Files (x86)\Java\jre1.8.0_191\bin\javaw.exe
Launcher args:	-classpath "C:\Users\David\Actual Documents\Programming Projects\NetBeans Projects\AAA\Executable\AAA.exe;.;..;AAA.exe;jinput-dx8.dll;jinput-dx8_64.dll;jinput-raw.dll;jinput-raw_64.dll;jinput.jar;launch4j.log;lwjgl.dll;lwjgl.jar;lwjgl64.dll;lwjgl_util.jar;OpenAL32.dll;OpenAL64.dll;slick.jar" code.MainGame
Args length:	306/32768 chars
Exit code:	0


Version:	3.12
CmdLine:	C:\Users\David\Actual Documents\Programming Projects\NetBeans Projects\AAA\Executable\AAA.exe --l4j-debug
WOW64:		yes
Create mutex:	AAA
Working dir:	C:\Users\David\Actual Documents\Programming Projects\NetBeans Projects\AAA\Executable\.\req
Java min ver:	1.002.000
Java max ver:	1.010.000
64-bit search:	SOFTWARE\JavaSoft\Java Runtime Environment...
32-bit search:	SOFTWARE\JavaSoft\Java Runtime Environment...
Check:		SOFTWARE\JavaSoft\Java Runtime Environment\1.8
Check launcher:	C:\Program Files (x86)\Java\jre1.8.0_191\bin\javaw.exe (OK)
Match:		1.008.000
Check:		SOFTWARE\JavaSoft\Java Runtime Environment\1.8.0_191
Check launcher:	C:\Program Files (x86)\Java\jre1.8.0_191\bin\javaw.exe (OK)
Match:		1.008.000_191
64-bit search:	SOFTWARE\JavaSoft\Java Development Kit...
Check:		SOFTWARE\JavaSoft\Java Development Kit\1.8
Ignore:		1.008.000
Check:		SOFTWARE\JavaSoft\Java Development Kit\1.8.0_171
Ignore:		1.008.000_171
32-bit search:	SOFTWARE\JavaSoft\Java Development Kit...
64-bit search:	SOFTWARE\JavaSoft\JRE...
32-bit search:	SOFTWARE\JavaSoft\JRE...
64-bit search:	SOFTWARE\JavaSoft\JDK...
32-bit search:	SOFTWARE\JavaSoft\JDK...
Runtime used:	1.008.000_191 (32-bit)
Main class:	code.MainGame
Add classpath:	*.*
      "      :	.
      "      :	..
Launcher:	C:\Program Files (x86)\Java\jre1.8.0_191\bin\javaw.exe
Launcher args:	-classpath "C:\Users\David\Actual Documents\Programming Projects\NetBeans Projects\AAA\Executable\AAA.exe;.;.." code.MainGame
Args length:	125/32768 chars
Exit code:	0
