

Version:	3.12
CmdLine:	C:\Users\charkeyd\Repos\AAA\AAA.exe --l4j-debug
WOW64:		yes
Create mutex:	AAA
Error:		Instance already exists.


Version:	3.12
CmdLine:	C:\Users\charkeyd\Repos\AAA\AAA.exe --l4j-debug
WOW64:		yes
Create mutex:	AAA
Error:		Instance already exists.


Version:	3.12
CmdLine:	C:\Users\charkeyd\Repos\AAA\AAA.exe --l4j-debug
WOW64:		yes
Create mutex:	AAA
Error:		Instance already exists.


Version:	3.12
CmdLine:	C:\Users\charkeyd\Repos\AAA\Executable\AAA.exe --l4j-debug
WOW64:		yes
Create mutex:	AAA
Working dir:	C:\Users\charkeyd\Repos\AAA\Executable\.
Java min ver:	1.002.000
Java max ver:	1.010.000
64-bit search:	SOFTWARE\JavaSoft\Java Runtime Environment...
Check:		SOFTWARE\JavaSoft\Java Runtime Environment\1.8
Check launcher:	C:\Program Files\Java\jre1.8.0_191\bin\javaw.exe (OK)
Match:		1.008.000
Check:		SOFTWARE\JavaSoft\Java Runtime Environment\1.8.0_191
Check launcher:	C:\Program Files\Java\jre1.8.0_191\bin\javaw.exe (OK)
Match:		1.008.000_191
64-bit search:	SOFTWARE\JavaSoft\Java Development Kit...
Check:		SOFTWARE\JavaSoft\Java Development Kit\1.7
Ignore:		1.007.000
Check:		SOFTWARE\JavaSoft\Java Development Kit\1.8
Ignore:		1.008.000
Check:		SOFTWARE\JavaSoft\Java Development Kit\1.8.0_191
Ignore:		1.008.000_191
64-bit search:	SOFTWARE\JavaSoft\JRE...
64-bit search:	SOFTWARE\JavaSoft\JDK...
Runtime used:	1.008.000_191 (64-bit)
Launcher:	C:\Program Files\Java\jre1.8.0_191\bin\javaw.exe
Launcher args:	-jar "C:\Users\charkeyd\Repos\AAA\Executable\AAA.exe"
Args length:	53/32768 chars
Exit code:	0


Version:	3.12
CmdLine:	C:\Users\charkeyd\Repos\AAA\Executable\AAA.exe --l4j-debug
WOW64:		yes
Create mutex:	AAA
Working dir:	C:\Users\charkeyd\Repos\AAA\Executable\.
Java min ver:	1.002.000
Java max ver:	1.010.000
64-bit search:	SOFTWARE\JavaSoft\Java Runtime Environment...
Check:		SOFTWARE\JavaSoft\Java Runtime Environment\1.8
Check launcher:	C:\Program Files\Java\jre1.8.0_191\bin\javaw.exe (OK)
Match:		1.008.000
Check:		SOFTWARE\JavaSoft\Java Runtime Environment\1.8.0_191
Check launcher:	C:\Program Files\Java\jre1.8.0_191\bin\javaw.exe (OK)
Match:		1.008.000_191
64-bit search:	SOFTWARE\JavaSoft\Java Development Kit...
Check:		SOFTWARE\JavaSoft\Java Development Kit\1.7
Ignore:		1.007.000
Check:		SOFTWARE\JavaSoft\Java Development Kit\1.8
Ignore:		1.008.000
Check:		SOFTWARE\JavaSoft\Java Development Kit\1.8.0_191
Ignore:		1.008.000_191
64-bit search:	SOFTWARE\JavaSoft\JRE...
64-bit search:	SOFTWARE\JavaSoft\JDK...
Runtime used:	1.008.000_191 (64-bit)
Launcher:	C:\Program Files\Java\jre1.8.0_191\bin\javaw.exe
Launcher args:	-jar "C:\Users\charkeyd\Repos\AAA\Executable\AAA.exe"
Args length:	53/32768 chars
Exit code:	0


Version:	3.12
CmdLine:	C:\Users\charkeyd\Repos\AAA\Executable\AAA.exe --l4j-debug
WOW64:		yes
Create mutex:	AAA
Working dir:	C:\Users\charkeyd\Repos\AAA\Executable\.
Java min ver:	1.002.000
Java max ver:	1.010.000
64-bit search:	SOFTWARE\JavaSoft\Java Runtime Environment...
Check:		SOFTWARE\JavaSoft\Java Runtime Environment\1.8
Check launcher:	C:\Program Files\Java\jre1.8.0_191\bin\javaw.exe (OK)
Match:		1.008.000
Check:		SOFTWARE\JavaSoft\Java Runtime Environment\1.8.0_191
Check launcher:	C:\Program Files\Java\jre1.8.0_191\bin\javaw.exe (OK)
Match:		1.008.000_191
64-bit search:	SOFTWARE\JavaSoft\Java Development Kit...
Check:		SOFTWARE\JavaSoft\Java Development Kit\1.7
Ignore:		1.007.000
Check:		SOFTWARE\JavaSoft\Java Development Kit\1.8
Ignore:		1.008.000
Check:		SOFTWARE\JavaSoft\Java Development Kit\1.8.0_191
Ignore:		1.008.000_191
64-bit search:	SOFTWARE\JavaSoft\JRE...
64-bit search:	SOFTWARE\JavaSoft\JDK...
Runtime used:	1.008.000_191 (64-bit)
Launcher:	C:\Program Files\Java\jre1.8.0_191\bin\javaw.exe
Launcher args:	-jar "C:\Users\charkeyd\Repos\AAA\Executable\AAA.exe"
Args length:	53/32768 chars
Exit code:	0


Version:	3.12
CmdLine:	C:\Users\charkeyd\Repos\AAA\Executable\AAA.exe --l4j-debug
WOW64:		yes
Create mutex:	AAA
Working dir:	C:\Users\charkeyd\Repos\AAA\Executable\.
Java min ver:	1.002.000
Java max ver:	1.010.000
64-bit search:	SOFTWARE\JavaSoft\Java Runtime Environment...
Check:		SOFTWARE\JavaSoft\Java Runtime Environment\1.8
Check launcher:	C:\Program Files\Java\jre1.8.0_191\bin\javaw.exe (OK)
Match:		1.008.000
Check:		SOFTWARE\JavaSoft\Java Runtime Environment\1.8.0_191
Check launcher:	C:\Program Files\Java\jre1.8.0_191\bin\javaw.exe (OK)
Match:		1.008.000_191
64-bit search:	SOFTWARE\JavaSoft\Java Development Kit...
Check:		SOFTWARE\JavaSoft\Java Development Kit\1.7
Ignore:		1.007.000
Check:		SOFTWARE\JavaSoft\Java Development Kit\1.8
Ignore:		1.008.000
Check:		SOFTWARE\JavaSoft\Java Development Kit\1.8.0_191
Ignore:		1.008.000_191
64-bit search:	SOFTWARE\JavaSoft\JRE...
64-bit search:	SOFTWARE\JavaSoft\JDK...
Runtime used:	1.008.000_191 (64-bit)
Main class:	Game
Add classpath:	Game
Launcher:	C:\Program Files\Java\jre1.8.0_191\bin\javaw.exe
Launcher args:	-classpath "C:\Users\charkeyd\Repos\AAA\Executable\AAA.exe;Game" Game
Args length:	69/32768 chars
Exit code:	0


Version:	3.12
CmdLine:	C:\Users\charkeyd\Repos\AAA\Executable\AAA.exe --l4j-debug
WOW64:		yes
Create mutex:	AAA
Working dir:	C:\Users\charkeyd\Repos\AAA\Executable\.
Java min ver:	1.002.000
Java max ver:	1.010.000
64-bit search:	SOFTWARE\JavaSoft\Java Runtime Environment...
Check:		SOFTWARE\JavaSoft\Java Runtime Environment\1.8
Check launcher:	C:\Program Files\Java\jre1.8.0_191\bin\javaw.exe (OK)
Match:		1.008.000
Check:		SOFTWARE\JavaSoft\Java Runtime Environment\1.8.0_191
Check launcher:	C:\Program Files\Java\jre1.8.0_191\bin\javaw.exe (OK)
Match:		1.008.000_191
64-bit search:	SOFTWARE\JavaSoft\Java Development Kit...
Check:		SOFTWARE\JavaSoft\Java Development Kit\1.7
Ignore:		1.007.000
Check:		SOFTWARE\JavaSoft\Java Development Kit\1.8
Ignore:		1.008.000
Check:		SOFTWARE\JavaSoft\Java Development Kit\1.8.0_191
Ignore:		1.008.000_191
64-bit search:	SOFTWARE\JavaSoft\JRE...
64-bit search:	SOFTWARE\JavaSoft\JDK...
Runtime used:	1.008.000_191 (64-bit)
Main class:	Main.Game
Add classpath:	Main.Game
Launcher:	C:\Program Files\Java\jre1.8.0_191\bin\javaw.exe
Launcher args:	-classpath "C:\Users\charkeyd\Repos\AAA\Executable\AAA.exe;Main.Game" Main.Game
Args length:	79/32768 chars
Exit code:	0


Version:	3.12
CmdLine:	C:\Users\charkeyd\Repos\AAA\Executable\AAA.exe --l4j-debug
WOW64:		yes
Create mutex:	AAA
Working dir:	C:\Users\charkeyd\Repos\AAA\Executable\.
Java min ver:	1.002.000
Java max ver:	1.010.000
64-bit search:	SOFTWARE\JavaSoft\Java Runtime Environment...
Check:		SOFTWARE\JavaSoft\Java Runtime Environment\1.8
Check launcher:	C:\Program Files\Java\jre1.8.0_191\bin\javaw.exe (OK)
Match:		1.008.000
Check:		SOFTWARE\JavaSoft\Java Runtime Environment\1.8.0_191
Check launcher:	C:\Program Files\Java\jre1.8.0_191\bin\javaw.exe (OK)
Match:		1.008.000_191
64-bit search:	SOFTWARE\JavaSoft\Java Development Kit...
Check:		SOFTWARE\JavaSoft\Java Development Kit\1.7
Ignore:		1.007.000
Check:		SOFTWARE\JavaSoft\Java Development Kit\1.8
Ignore:		1.008.000
Check:		SOFTWARE\JavaSoft\Java Development Kit\1.8.0_191
Ignore:		1.008.000_191
64-bit search:	SOFTWARE\JavaSoft\JRE...
64-bit search:	SOFTWARE\JavaSoft\JDK...
Runtime used:	1.008.000_191 (64-bit)
Main class:	Game
Add classpath:	src.code.Main.Game
Launcher:	C:\Program Files\Java\jre1.8.0_191\bin\javaw.exe
Launcher args:	-classpath "C:\Users\charkeyd\Repos\AAA\Executable\AAA.exe;src.code.Main.Game" Game
Args length:	83/32768 chars
Exit code:	0


Version:	3.12
CmdLine:	C:\Users\charkeyd\Repos\AAA\Executable\AAA.exe --l4j-debug
WOW64:		yes
Create mutex:	AAA
Working dir:	C:\Users\charkeyd\Repos\AAA\Executable\.
Java min ver:	1.002.000
Java max ver:	1.010.000
64-bit search:	SOFTWARE\JavaSoft\Java Runtime Environment...
Check:		SOFTWARE\JavaSoft\Java Runtime Environment\1.8
Check launcher:	C:\Program Files\Java\jre1.8.0_191\bin\javaw.exe (OK)
Match:		1.008.000
Check:		SOFTWARE\JavaSoft\Java Runtime Environment\1.8.0_191
Check launcher:	C:\Program Files\Java\jre1.8.0_191\bin\javaw.exe (OK)
Match:		1.008.000_191
64-bit search:	SOFTWARE\JavaSoft\Java Development Kit...
Check:		SOFTWARE\JavaSoft\Java Development Kit\1.7
Ignore:		1.007.000
Check:		SOFTWARE\JavaSoft\Java Development Kit\1.8
Ignore:		1.008.000
Check:		SOFTWARE\JavaSoft\Java Development Kit\1.8.0_191
Ignore:		1.008.000_191
64-bit search:	SOFTWARE\JavaSoft\JRE...
64-bit search:	SOFTWARE\JavaSoft\JDK...
Runtime used:	1.008.000_191 (64-bit)
Main class:	Game
Add classpath:	AAA.src.code.Main.Game
Launcher:	C:\Program Files\Java\jre1.8.0_191\bin\javaw.exe
Launcher args:	-classpath "C:\Users\charkeyd\Repos\AAA\Executable\AAA.exe;AAA.src.code.Main.Game" Game
Args length:	87/32768 chars
Exit code:	0


Version:	3.12
CmdLine:	C:\Users\charkeyd\Repos\AAA\Executable\AAA.exe --l4j-debug
WOW64:		yes
Create mutex:	AAA
Working dir:	C:\Users\charkeyd\Repos\AAA\Executable\.
Java min ver:	1.002.000
Java max ver:	1.010.000
64-bit search:	SOFTWARE\JavaSoft\Java Runtime Environment...
Check:		SOFTWARE\JavaSoft\Java Runtime Environment\1.8
Check launcher:	C:\Program Files\Java\jre1.8.0_191\bin\javaw.exe (OK)
Match:		1.008.000
Check:		SOFTWARE\JavaSoft\Java Runtime Environment\1.8.0_191
Check launcher:	C:\Program Files\Java\jre1.8.0_191\bin\javaw.exe (OK)
Match:		1.008.000_191
64-bit search:	SOFTWARE\JavaSoft\Java Development Kit...
Check:		SOFTWARE\JavaSoft\Java Development Kit\1.7
Ignore:		1.007.000
Check:		SOFTWARE\JavaSoft\Java Development Kit\1.8
Ignore:		1.008.000
Check:		SOFTWARE\JavaSoft\Java Development Kit\1.8.0_191
Ignore:		1.008.000_191
64-bit search:	SOFTWARE\JavaSoft\JRE...
64-bit search:	SOFTWARE\JavaSoft\JDK...
Runtime used:	1.008.000_191 (64-bit)
Main class:	Game
Add classpath:	src\code\Main\Game.class
Launcher:	C:\Program Files\Java\jre1.8.0_191\bin\javaw.exe
Launcher args:	-classpath "C:\Users\charkeyd\Repos\AAA\Executable\AAA.exe;src\code\Main\Game.class" Game
Args length:	89/32768 chars
Exit code:	0


Version:	3.12
CmdLine:	C:\Users\charkeyd\Repos\AAA\Executable\AAA.exe --l4j-debug
WOW64:		yes
Create mutex:	AAA
Working dir:	C:\Users\charkeyd\Repos\AAA\Executable\.
Java min ver:	1.002.000
Java max ver:	1.010.000
64-bit search:	SOFTWARE\JavaSoft\Java Runtime Environment...
Check:		SOFTWARE\JavaSoft\Java Runtime Environment\1.8
Check launcher:	C:\Program Files\Java\jre1.8.0_191\bin\javaw.exe (OK)
Match:		1.008.000
Check:		SOFTWARE\JavaSoft\Java Runtime Environment\1.8.0_191
Check launcher:	C:\Program Files\Java\jre1.8.0_191\bin\javaw.exe (OK)
Match:		1.008.000_191
64-bit search:	SOFTWARE\JavaSoft\Java Development Kit...
Check:		SOFTWARE\JavaSoft\Java Development Kit\1.7
Ignore:		1.007.000
Check:		SOFTWARE\JavaSoft\Java Development Kit\1.8
Ignore:		1.008.000
Check:		SOFTWARE\JavaSoft\Java Development Kit\1.8.0_191
Ignore:		1.008.000_191
64-bit search:	SOFTWARE\JavaSoft\JRE...
64-bit search:	SOFTWARE\JavaSoft\JDK...
Runtime used:	1.008.000_191 (64-bit)
Main class:	Game
Add classpath:	\src\code\Main\Game.class
Launcher:	C:\Program Files\Java\jre1.8.0_191\bin\javaw.exe
Launcher args:	-classpath "C:\Users\charkeyd\Repos\AAA\Executable\AAA.exe;\src\code\Main\Game.class" Game
Args length:	90/32768 chars
Exit code:	0


Version:	3.12
CmdLine:	C:\Users\charkeyd\Repos\AAA\Executable\AAA.exe --l4j-debug
WOW64:		yes
Create mutex:	AAA
Working dir:	C:\Users\charkeyd\Repos\AAA\Executable\.
Java min ver:	1.002.000
Java max ver:	1.010.000
64-bit search:	SOFTWARE\JavaSoft\Java Runtime Environment...
Check:		SOFTWARE\JavaSoft\Java Runtime Environment\1.8
Check launcher:	C:\Program Files\Java\jre1.8.0_191\bin\javaw.exe (OK)
Match:		1.008.000
Check:		SOFTWARE\JavaSoft\Java Runtime Environment\1.8.0_191
Check launcher:	C:\Program Files\Java\jre1.8.0_191\bin\javaw.exe (OK)
Match:		1.008.000_191
64-bit search:	SOFTWARE\JavaSoft\Java Development Kit...
Check:		SOFTWARE\JavaSoft\Java Development Kit\1.7
Ignore:		1.007.000
Check:		SOFTWARE\JavaSoft\Java Development Kit\1.8
Ignore:		1.008.000
Check:		SOFTWARE\JavaSoft\Java Development Kit\1.8.0_191
Ignore:		1.008.000_191
64-bit search:	SOFTWARE\JavaSoft\JRE...
64-bit search:	SOFTWARE\JavaSoft\JDK...
Runtime used:	1.008.000_191 (64-bit)
Main class:	Game
Add classpath:	code\Main\Game.class
Launcher:	C:\Program Files\Java\jre1.8.0_191\bin\javaw.exe
Launcher args:	-classpath "C:\Users\charkeyd\Repos\AAA\Executable\AAA.exe;code\Main\Game.class" Game
Args length:	85/32768 chars
Exit code:	0


Version:	3.12
CmdLine:	C:\Users\charkeyd\Repos\AAA\Executable\AAA.exe --l4j-debug
WOW64:		yes
Create mutex:	AAA
Working dir:	C:\Users\charkeyd\Repos\AAA\Executable\.
Java min ver:	1.002.000
Java max ver:	1.010.000
64-bit search:	SOFTWARE\JavaSoft\Java Runtime Environment...
Check:		SOFTWARE\JavaSoft\Java Runtime Environment\1.8
Check launcher:	C:\Program Files\Java\jre1.8.0_191\bin\javaw.exe (OK)
Match:		1.008.000
Check:		SOFTWARE\JavaSoft\Java Runtime Environment\1.8.0_191
Check launcher:	C:\Program Files\Java\jre1.8.0_191\bin\javaw.exe (OK)
Match:		1.008.000_191
64-bit search:	SOFTWARE\JavaSoft\Java Development Kit...
Check:		SOFTWARE\JavaSoft\Java Development Kit\1.7
Ignore:		1.007.000
Check:		SOFTWARE\JavaSoft\Java Development Kit\1.8
Ignore:		1.008.000
Check:		SOFTWARE\JavaSoft\Java Development Kit\1.8.0_191
Ignore:		1.008.000_191
64-bit search:	SOFTWARE\JavaSoft\JRE...
64-bit search:	SOFTWARE\JavaSoft\JDK...
Runtime used:	1.008.000_191 (64-bit)
Main class:	Game
Add classpath:	\code\Main\Game.class
Launcher:	C:\Program Files\Java\jre1.8.0_191\bin\javaw.exe
Launcher args:	-classpath "C:\Users\charkeyd\Repos\AAA\Executable\AAA.exe;\code\Main\Game.class" Game
Args length:	86/32768 chars
Exit code:	0


Version:	3.12
CmdLine:	C:\Users\charkeyd\Repos\AAA\Executable\AAA.exe --l4j-debug
WOW64:		yes
Create mutex:	AAA
Working dir:	C:\Users\charkeyd\Repos\AAA\Executable\.
Java min ver:	1.002.000
Java max ver:	1.010.000
64-bit search:	SOFTWARE\JavaSoft\Java Runtime Environment...
Check:		SOFTWARE\JavaSoft\Java Runtime Environment\1.8
Check launcher:	C:\Program Files\Java\jre1.8.0_191\bin\javaw.exe (OK)
Match:		1.008.000
Check:		SOFTWARE\JavaSoft\Java Runtime Environment\1.8.0_191
Check launcher:	C:\Program Files\Java\jre1.8.0_191\bin\javaw.exe (OK)
Match:		1.008.000_191
64-bit search:	SOFTWARE\JavaSoft\Java Development Kit...
Check:		SOFTWARE\JavaSoft\Java Development Kit\1.7
Ignore:		1.007.000
Check:		SOFTWARE\JavaSoft\Java Development Kit\1.8
Ignore:		1.008.000
Check:		SOFTWARE\JavaSoft\Java Development Kit\1.8.0_191
Ignore:		1.008.000_191
64-bit search:	SOFTWARE\JavaSoft\JRE...
64-bit search:	SOFTWARE\JavaSoft\JDK...
Runtime used:	1.008.000_191 (64-bit)
Launcher:	C:\Program Files\Java\jre1.8.0_191\bin\javaw.exe
Launcher args:	-jar "C:\Users\charkeyd\Repos\AAA\Executable\AAA.exe"
Args length:	53/32768 chars
Exit code:	0


Version:	3.12
CmdLine:	C:\Users\charkeyd\Repos\AAA\Executable\AAA.exe --l4j-debug
WOW64:		yes
Create mutex:	AAA
Working dir:	C:\Users\charkeyd\Repos\AAA\Executable\.
Java min ver:	1.002.000
Java max ver:	1.010.000
64-bit search:	SOFTWARE\JavaSoft\Java Runtime Environment...
Check:		SOFTWARE\JavaSoft\Java Runtime Environment\1.8
Check launcher:	C:\Program Files\Java\jre1.8.0_191\bin\javaw.exe (OK)
Match:		1.008.000
Check:		SOFTWARE\JavaSoft\Java Runtime Environment\1.8.0_191
Check launcher:	C:\Program Files\Java\jre1.8.0_191\bin\javaw.exe (OK)
Match:		1.008.000_191
64-bit search:	SOFTWARE\JavaSoft\Java Development Kit...
Check:		SOFTWARE\JavaSoft\Java Development Kit\1.7
Ignore:		1.007.000
Check:		SOFTWARE\JavaSoft\Java Development Kit\1.8
Ignore:		1.008.000
Check:		SOFTWARE\JavaSoft\Java Development Kit\1.8.0_191
Ignore:		1.008.000_191
64-bit search:	SOFTWARE\JavaSoft\JRE...
64-bit search:	SOFTWARE\JavaSoft\JDK...
Runtime used:	1.008.000_191 (64-bit)
Launcher:	C:\Program Files\Java\jre1.8.0_191\bin\javaw.exe
Launcher args:	-jar "C:\Users\charkeyd\Repos\AAA\Executable\AAA.exe"
Args length:	53/32768 chars
Exit code:	0


Version:	3.12
CmdLine:	C:\Users\charkeyd\Repos\AAA\Executable\AAA.exe --l4j-debug
WOW64:		yes
Create mutex:	AAA
Working dir:	C:\Users\charkeyd\Repos\AAA\Executable\.
Java min ver:	1.002.000
Java max ver:	1.010.000
64-bit search:	SOFTWARE\JavaSoft\Java Runtime Environment...
Check:		SOFTWARE\JavaSoft\Java Runtime Environment\1.8
Check launcher:	C:\Program Files\Java\jre1.8.0_191\bin\javaw.exe (OK)
Match:		1.008.000
Check:		SOFTWARE\JavaSoft\Java Runtime Environment\1.8.0_191
Check launcher:	C:\Program Files\Java\jre1.8.0_191\bin\javaw.exe (OK)
Match:		1.008.000_191
64-bit search:	SOFTWARE\JavaSoft\Java Development Kit...
Check:		SOFTWARE\JavaSoft\Java Development Kit\1.7
Ignore:		1.007.000
Check:		SOFTWARE\JavaSoft\Java Development Kit\1.8
Ignore:		1.008.000
Check:		SOFTWARE\JavaSoft\Java Development Kit\1.8.0_191
Ignore:		1.008.000_191
64-bit search:	SOFTWARE\JavaSoft\JRE...
64-bit search:	SOFTWARE\JavaSoft\JDK...
Runtime used:	1.008.000_191 (64-bit)
Launcher:	C:\Program Files\Java\jre1.8.0_191\bin\javaw.exe
Launcher args:	-jar "C:\Users\charkeyd\Repos\AAA\Executable\AAA.exe"
Args length:	53/32768 chars
Exit code:	0


Version:	3.12
CmdLine:	C:\Users\charkeyd\Repos\AAA\Executable\AAA.exe --l4j-debug
WOW64:		yes
Create mutex:	AAA
Working dir:	C:\Users\charkeyd\Repos\AAA\Executable\.
Java min ver:	1.002.000
Java max ver:	1.010.000
64-bit search:	SOFTWARE\JavaSoft\Java Runtime Environment...
Check:		SOFTWARE\JavaSoft\Java Runtime Environment\1.8
Check launcher:	C:\Program Files\Java\jre1.8.0_191\bin\javaw.exe (OK)
Match:		1.008.000
Check:		SOFTWARE\JavaSoft\Java Runtime Environment\1.8.0_191
Check launcher:	C:\Program Files\Java\jre1.8.0_191\bin\javaw.exe (OK)
Match:		1.008.000_191
64-bit search:	SOFTWARE\JavaSoft\Java Development Kit...
Check:		SOFTWARE\JavaSoft\Java Development Kit\1.7
Ignore:		1.007.000
Check:		SOFTWARE\JavaSoft\Java Development Kit\1.8
Ignore:		1.008.000
Check:		SOFTWARE\JavaSoft\Java Development Kit\1.8.0_191
Ignore:		1.008.000_191
64-bit search:	SOFTWARE\JavaSoft\JRE...
64-bit search:	SOFTWARE\JavaSoft\JDK...
Runtime used:	1.008.000_191 (64-bit)
Launcher:	C:\Program Files\Java\jre1.8.0_191\bin\javaw.exe
Launcher args:	-jar "C:\Users\charkeyd\Repos\AAA\Executable\AAA.exe"
Args length:	53/32768 chars
Exit code:	0


Version:	3.12
CmdLine:	C:\Users\charkeyd\Repos\AAA\Executable\AAA.exe --l4j-debug
WOW64:		yes
Create mutex:	AAA
Working dir:	C:\Users\charkeyd\Repos\AAA\Executable\.
Java min ver:	1.002.000
Java max ver:	1.010.000
64-bit search:	SOFTWARE\JavaSoft\Java Runtime Environment...
Check:		SOFTWARE\JavaSoft\Java Runtime Environment\1.8
Check launcher:	C:\Program Files\Java\jre1.8.0_191\bin\javaw.exe (OK)
Match:		1.008.000
Check:		SOFTWARE\JavaSoft\Java Runtime Environment\1.8.0_191
Check launcher:	C:\Program Files\Java\jre1.8.0_191\bin\javaw.exe (OK)
Match:		1.008.000_191
64-bit search:	SOFTWARE\JavaSoft\Java Development Kit...
Check:		SOFTWARE\JavaSoft\Java Development Kit\1.7
Ignore:		1.007.000
Check:		SOFTWARE\JavaSoft\Java Development Kit\1.8
Ignore:		1.008.000
Check:		SOFTWARE\JavaSoft\Java Development Kit\1.8.0_191
Ignore:		1.008.000_191
64-bit search:	SOFTWARE\JavaSoft\JRE...
64-bit search:	SOFTWARE\JavaSoft\JDK...
Runtime used:	1.008.000_191 (64-bit)
Launcher:	C:\Program Files\Java\jre1.8.0_191\bin\javaw.exe
Launcher args:	-jar "C:\Users\charkeyd\Repos\AAA\Executable\AAA.exe"
Args length:	53/32768 chars
Exit code:	0


Version:	3.12
CmdLine:	C:\Users\charkeyd\Repos\AAA\Executable\AAA.exe --l4j-debug
WOW64:		yes
Create mutex:	AAA
Working dir:	C:\Users\charkeyd\Repos\AAA\Executable\.
Java min ver:	1.002.000
Java max ver:	1.010.000
64-bit search:	SOFTWARE\JavaSoft\Java Runtime Environment...
Check:		SOFTWARE\JavaSoft\Java Runtime Environment\1.8
Check launcher:	C:\Program Files\Java\jre1.8.0_191\bin\javaw.exe (OK)
Match:		1.008.000
Check:		SOFTWARE\JavaSoft\Java Runtime Environment\1.8.0_191
Check launcher:	C:\Program Files\Java\jre1.8.0_191\bin\javaw.exe (OK)
Match:		1.008.000_191
64-bit search:	SOFTWARE\JavaSoft\Java Development Kit...
Check:		SOFTWARE\JavaSoft\Java Development Kit\1.7
Ignore:		1.007.000
Check:		SOFTWARE\JavaSoft\Java Development Kit\1.8
Ignore:		1.008.000
Check:		SOFTWARE\JavaSoft\Java Development Kit\1.8.0_191
Ignore:		1.008.000_191
64-bit search:	SOFTWARE\JavaSoft\JRE...
64-bit search:	SOFTWARE\JavaSoft\JDK...
Runtime used:	1.008.000_191 (64-bit)
Launcher:	C:\Program Files\Java\jre1.8.0_191\bin\javaw.exe
Launcher args:	-jar "C:\Users\charkeyd\Repos\AAA\Executable\AAA.exe"
Args length:	53/32768 chars
Exit code:	0
