

Version:	3.10
CmdLine:	C:\Users\charkeyd\Documents\BlueJ Projects\My Projects\AAA\Executable\AAA.exe --l4j-debug
WOW64:		yes
Create mutex:	AAA
Java min ver:	1.1.1
Java max ver:	2.2.2
64-bit search:	SOFTWARE\JavaSoft\Java Runtime Environment...
Check:		SOFTWARE\JavaSoft\Java Runtime Environment\1.8
Check launcher:	C:\Program Files\Java\jre1.8.0_171\bin\java.exe (OK)
Match:		1.8
Check:		SOFTWARE\JavaSoft\Java Runtime Environment\1.8.0_171
Check launcher:	C:\Program Files\Java\jre1.8.0_171\bin\java.exe (OK)
Match:		1.8.0_171
64-bit search:	SOFTWARE\JavaSoft\Java Development Kit...
Check:		SOFTWARE\JavaSoft\Java Development Kit\1.7
Ignore:		1.7
Check:		SOFTWARE\JavaSoft\Java Development Kit\1.7.0_17
Ignore:		1.7.0_017
64-bit search:	SOFTWARE\JavaSoft\JRE...
64-bit search:	SOFTWARE\JavaSoft\JDK...
Runtime used:	1.8.0_171 (64-bit)
Main class:	Game
Info:		Classpath not defined.
Launcher:	C:\Program Files\Java\jre1.8.0_171\bin\java.exe
Launcher args:	-classpath "C:\Users\charkeyd\Documents\BlueJ Projects\My Projects\AAA\Executable\AAA.exe" Game
Args length:	95/32768 chars
Exit code:	0


Version:	3.10
CmdLine:	C:\Users\charkeyd\Documents\BlueJ Projects\My Projects\AAA\Executable\AAA.exe --l4j-debug
WOW64:		yes
Create mutex:	AAA
Java min ver:	1.1.1
Java max ver:	2.2.2
64-bit search:	SOFTWARE\JavaSoft\Java Runtime Environment...
Check:		SOFTWARE\JavaSoft\Java Runtime Environment\1.8
Check launcher:	C:\Program Files\Java\jre1.8.0_171\bin\java.exe (OK)
Match:		1.8
Check:		SOFTWARE\JavaSoft\Java Runtime Environment\1.8.0_171
Check launcher:	C:\Program Files\Java\jre1.8.0_171\bin\java.exe (OK)
Match:		1.8.0_171
64-bit search:	SOFTWARE\JavaSoft\Java Development Kit...
Check:		SOFTWARE\JavaSoft\Java Development Kit\1.7
Ignore:		1.7
Check:		SOFTWARE\JavaSoft\Java Development Kit\1.7.0_17
Ignore:		1.7.0_017
64-bit search:	SOFTWARE\JavaSoft\JRE...
64-bit search:	SOFTWARE\JavaSoft\JDK...
Runtime used:	1.8.0_171 (64-bit)
Main class:	Game
Info:		Classpath not defined.
Launcher:	C:\Program Files\Java\jre1.8.0_171\bin\java.exe
Launcher args:	-classpath "C:\Users\charkeyd\Documents\BlueJ Projects\My Projects\AAA\Executable\AAA.exe" Game
Args length:	95/32768 chars
Exit code:	0


Version:	3.10
CmdLine:	C:\Users\charkeyd\Documents\BlueJ Projects\My Projects\AAA\Executable\AAA.exe --l4j-debug
WOW64:		yes
Create mutex:	AAA
Java min ver:	1.1.1
Java max ver:	2.2.2
64-bit search:	SOFTWARE\JavaSoft\Java Runtime Environment...
Check:		SOFTWARE\JavaSoft\Java Runtime Environment\1.8
Check launcher:	C:\Program Files\Java\jre1.8.0_171\bin\java.exe (OK)
Match:		1.8
Check:		SOFTWARE\JavaSoft\Java Runtime Environment\1.8.0_171
Check launcher:	C:\Program Files\Java\jre1.8.0_171\bin\java.exe (OK)
Match:		1.8.0_171
64-bit search:	SOFTWARE\JavaSoft\Java Development Kit...
Check:		SOFTWARE\JavaSoft\Java Development Kit\1.7
Ignore:		1.7
Check:		SOFTWARE\JavaSoft\Java Development Kit\1.7.0_17
Ignore:		1.7.0_017
64-bit search:	SOFTWARE\JavaSoft\JRE...
64-bit search:	SOFTWARE\JavaSoft\JDK...
Runtime used:	1.8.0_171 (64-bit)
Main class:	Game
Info:		Classpath not defined.
Launcher:	C:\Program Files\Java\jre1.8.0_171\bin\java.exe
Launcher args:	-classpath "C:\Users\charkeyd\Documents\BlueJ Projects\My Projects\AAA\Executable\AAA.exe" Game
Args length:	95/32768 chars
Exit code:	0


Version:	3.10
CmdLine:	C:\Users\charkeyd\Documents\BlueJ Projects\My Projects\AAA\Executable\AAA.exe --l4j-debug
WOW64:		yes
Create mutex:	AAA
Java min ver:	1.1.1
Java max ver:	2.2.2
64-bit search:	SOFTWARE\JavaSoft\Java Runtime Environment...
Check:		SOFTWARE\JavaSoft\Java Runtime Environment\1.8
Check launcher:	C:\Program Files\Java\jre1.8.0_171\bin\java.exe (OK)
Match:		1.8
Check:		SOFTWARE\JavaSoft\Java Runtime Environment\1.8.0_171
Check launcher:	C:\Program Files\Java\jre1.8.0_171\bin\java.exe (OK)
Match:		1.8.0_171
64-bit search:	SOFTWARE\JavaSoft\Java Development Kit...
Check:		SOFTWARE\JavaSoft\Java Development Kit\1.7
Ignore:		1.7
Check:		SOFTWARE\JavaSoft\Java Development Kit\1.7.0_17
Ignore:		1.7.0_017
64-bit search:	SOFTWARE\JavaSoft\JRE...
64-bit search:	SOFTWARE\JavaSoft\JDK...
Runtime used:	1.8.0_171 (64-bit)
Main class:	Game
Info:		Classpath not defined.
Launcher:	C:\Program Files\Java\jre1.8.0_171\bin\java.exe
Launcher args:	-classpath "C:\Users\charkeyd\Documents\BlueJ Projects\My Projects\AAA\Executable\AAA.exe" Game
Args length:	95/32768 chars
Exit code:	-1073741510


Version:	3.10
CmdLine:	C:\Users\charkeyd\Documents\BlueJ Projects\My Projects\AAA\Executable\AAA.exe --l4j-debug
WOW64:		yes
Create mutex:	AAA
Java min ver:	1.1.1
Java max ver:	2.2.2
64-bit search:	SOFTWARE\JavaSoft\Java Runtime Environment...
Check:		SOFTWARE\JavaSoft\Java Runtime Environment\1.8
Check launcher:	C:\Program Files\Java\jre1.8.0_171\bin\java.exe (OK)
Match:		1.8
Check:		SOFTWARE\JavaSoft\Java Runtime Environment\1.8.0_171
Check launcher:	C:\Program Files\Java\jre1.8.0_171\bin\java.exe (OK)
Match:		1.8.0_171
64-bit search:	SOFTWARE\JavaSoft\Java Development Kit...
Check:		SOFTWARE\JavaSoft\Java Development Kit\1.7
Ignore:		1.7
Check:		SOFTWARE\JavaSoft\Java Development Kit\1.7.0_17
Ignore:		1.7.0_017
64-bit search:	SOFTWARE\JavaSoft\JRE...
64-bit search:	SOFTWARE\JavaSoft\JDK...
Runtime used:	1.8.0_171 (64-bit)
Main class:	Game
Info:		Classpath not defined.
Launcher:	C:\Program Files\Java\jre1.8.0_171\bin\java.exe
Launcher args:	-classpath "C:\Users\charkeyd\Documents\BlueJ Projects\My Projects\AAA\Executable\AAA.exe" Game
Args length:	95/32768 chars
Exit code:	0
