

Version:	3.12
CmdLine:	C:\Users\David\Google Drive\Personal\Computery\Programming Projects\NetBeans Projects\Slick2D Game\Deployment\Deployable\SlickGame.exe --l4j-debug
WOW64:		yes
Create mutex:	SlickGame
Working dir:	C:\Users\David\Google Drive\Personal\Computery\Programming Projects\NetBeans Projects\Slick2D Game\Deployment\Deployable\.\required
Java min ver:	1.002.000
Java max ver:	1.010.000
64-bit search:	SOFTWARE\JavaSoft\Java Runtime Environment...
Check:		SOFTWARE\JavaSoft\Java Runtime Environment\1.8
Check launcher:	C:\Program Files\Java\jre1.8.0_211\bin\javaw.exe (OK)
Match:		1.008.000
Check:		SOFTWARE\JavaSoft\Java Runtime Environment\1.8.0_211
Check launcher:	C:\Program Files\Java\jre1.8.0_211\bin\javaw.exe (OK)
Match:		1.008.000_211
64-bit search:	SOFTWARE\JavaSoft\Java Development Kit...
Check:		SOFTWARE\JavaSoft\Java Development Kit\1.8
Ignore:		1.008.000
Check:		SOFTWARE\JavaSoft\Java Development Kit\1.8.0_201
Ignore:		1.008.000_201
64-bit search:	SOFTWARE\JavaSoft\JRE...
64-bit search:	SOFTWARE\JavaSoft\JDK...
Runtime used:	1.008.000_211 (64-bit)
Main class:	Main.Entry
Add classpath:	*.*
      "      :	.
      "      :	..
      "      :	Advice.txt
      "      :	ibxm.jar
      "      :	jinput-dx8.dll
      "      :	jinput-dx8_64.dll
      "      :	jinput-raw.dll
      "      :	jinput-raw_64.dll
      "      :	jinput.jar
      "      :	jnlp.jar
      "      :	jogg-0.0.7.jar
      "      :	jorbis-0.0.15.jar
      "      :	lwjgl.dll
      "      :	lwjgl.jar
      "      :	lwjgl64.dll
      "      :	lwjgl_util.jar
      "      :	lwjgl_util_applet.jar
      "      :	natives-windows.jar
      "      :	OpenAL32.dll
      "      :	OpenAL64.dll
      "      :	slick-examples.jar
      "      :	slick.jar
      "      :	tinylinepp.jar
Launcher:	C:\Program Files\Java\jre1.8.0_211\bin\javaw.exe
Launcher args:	-classpath "C:\Users\David\Google Drive\Personal\Computery\Programming Projects\NetBeans Projects\Slick2D Game\Deployment\Deployable\SlickGame.exe;.;..;Advice.txt;ibxm.jar;jinput-dx8.dll;jinput-dx8_64.dll;jinput-raw.dll;jinput-raw_64.dll;jinput.jar;jnlp.jar;jogg-0.0.7.jar;jorbis-0.0.15.jar;lwjgl.dll;lwjgl.jar;lwjgl64.dll;lwjgl_util.jar;lwjgl_util_applet.jar;natives-windows.jar;OpenAL32.dll;OpenAL64.dll;slick-examples.jar;slick.jar;tinylinepp.jar" Main.Entry
Args length:	461/32768 chars
Exit code:	0


Version:	3.12
CmdLine:	C:\Users\David\Google Drive\Personal\Computery\Programming Projects\NetBeans Projects\Slick2D Game\Deployment\Deployable\SlickGame.exe --l4j-debug
WOW64:		yes
Create mutex:	SlickGame
Working dir:	C:\Users\David\Google Drive\Personal\Computery\Programming Projects\NetBeans Projects\Slick2D Game\Deployment\Deployable\.\required
Java min ver:	1.002.000
Java max ver:	1.050.000
64-bit search:	SOFTWARE\JavaSoft\Java Runtime Environment...
Check:		SOFTWARE\JavaSoft\Java Runtime Environment\1.8
Check launcher:	C:\Program Files\Java\jre1.8.0_211\bin\javaw.exe (OK)
Match:		1.008.000
Check:		SOFTWARE\JavaSoft\Java Runtime Environment\1.8.0_211
Check launcher:	C:\Program Files\Java\jre1.8.0_211\bin\javaw.exe (OK)
Match:		1.008.000_211
64-bit search:	SOFTWARE\JavaSoft\Java Development Kit...
Check:		SOFTWARE\JavaSoft\Java Development Kit\1.8
Ignore:		1.008.000
Check:		SOFTWARE\JavaSoft\Java Development Kit\1.8.0_201
Ignore:		1.008.000_201
64-bit search:	SOFTWARE\JavaSoft\JRE...
64-bit search:	SOFTWARE\JavaSoft\JDK...
Runtime used:	1.008.000_211 (64-bit)
Main class:	Main.Entry
Add classpath:	*.*
      "      :	.
      "      :	..
      "      :	Advice.txt
      "      :	ibxm.jar
      "      :	jinput-dx8.dll
      "      :	jinput-dx8_64.dll
      "      :	jinput-raw.dll
      "      :	jinput-raw_64.dll
      "      :	jinput.jar
      "      :	jnlp.jar
      "      :	jogg-0.0.7.jar
      "      :	jorbis-0.0.15.jar
      "      :	lwjgl.dll
      "      :	lwjgl.jar
      "      :	lwjgl64.dll
      "      :	lwjgl_util.jar
      "      :	lwjgl_util_applet.jar
      "      :	natives-windows.jar
      "      :	OpenAL32.dll
      "      :	OpenAL64.dll
      "      :	slick-examples.jar
      "      :	slick.jar
      "      :	tinylinepp.jar
Launcher:	C:\Program Files\Java\jre1.8.0_211\bin\javaw.exe
Launcher args:	-classpath "C:\Users\David\Google Drive\Personal\Computery\Programming Projects\NetBeans Projects\Slick2D Game\Deployment\Deployable\SlickGame.exe;.;..;Advice.txt;ibxm.jar;jinput-dx8.dll;jinput-dx8_64.dll;jinput-raw.dll;jinput-raw_64.dll;jinput.jar;jnlp.jar;jogg-0.0.7.jar;jorbis-0.0.15.jar;lwjgl.dll;lwjgl.jar;lwjgl64.dll;lwjgl_util.jar;lwjgl_util_applet.jar;natives-windows.jar;OpenAL32.dll;OpenAL64.dll;slick-examples.jar;slick.jar;tinylinepp.jar" Main.Entry
Args length:	461/32768 chars
Exit code:	0


Version:	3.12
CmdLine:	C:\Users\David\Google Drive\Personal\Computery\Programming Projects\NetBeans Projects\Slick2D Game\Deployment\Deployable\SlickGame.exe --l4j-debug
WOW64:		yes
Create mutex:	SlickGame
Working dir:	C:\Users\David\Google Drive\Personal\Computery\Programming Projects\NetBeans Projects\Slick2D Game\Deployment\Deployable\.\required
Java min ver:	1.002.000
Java max ver:	1.050.000
64-bit search:	SOFTWARE\JavaSoft\Java Runtime Environment...
Check:		SOFTWARE\JavaSoft\Java Runtime Environment\1.8
Check launcher:	C:\Program Files\Java\jre1.8.0_211\bin\javaw.exe (OK)
Match:		1.008.000
Check:		SOFTWARE\JavaSoft\Java Runtime Environment\1.8.0_211
Check launcher:	C:\Program Files\Java\jre1.8.0_211\bin\javaw.exe (OK)
Match:		1.008.000_211
64-bit search:	SOFTWARE\JavaSoft\Java Development Kit...
Check:		SOFTWARE\JavaSoft\Java Development Kit\1.8
Ignore:		1.008.000
Check:		SOFTWARE\JavaSoft\Java Development Kit\1.8.0_201
Ignore:		1.008.000_201
64-bit search:	SOFTWARE\JavaSoft\JRE...
64-bit search:	SOFTWARE\JavaSoft\JDK...
Runtime used:	1.008.000_211 (64-bit)
Main class:	Main.Entry
Add classpath:	*.*
      "      :	.
      "      :	..
      "      :	Advice.txt
      "      :	ibxm.jar
      "      :	jinput-dx8.dll
      "      :	jinput-dx8_64.dll
      "      :	jinput-raw.dll
      "      :	jinput-raw_64.dll
      "      :	jinput.jar
      "      :	jnlp.jar
      "      :	jogg-0.0.7.jar
      "      :	jorbis-0.0.15.jar
      "      :	lwjgl.dll
      "      :	lwjgl.jar
      "      :	lwjgl64.dll
      "      :	lwjgl_util.jar
      "      :	lwjgl_util_applet.jar
      "      :	natives-windows.jar
      "      :	OpenAL32.dll
      "      :	OpenAL64.dll
      "      :	slick-examples.jar
      "      :	slick.jar
      "      :	tinylinepp.jar
Launcher:	C:\Program Files\Java\jre1.8.0_211\bin\javaw.exe
Launcher args:	-classpath "C:\Users\David\Google Drive\Personal\Computery\Programming Projects\NetBeans Projects\Slick2D Game\Deployment\Deployable\SlickGame.exe;.;..;Advice.txt;ibxm.jar;jinput-dx8.dll;jinput-dx8_64.dll;jinput-raw.dll;jinput-raw_64.dll;jinput.jar;jnlp.jar;jogg-0.0.7.jar;jorbis-0.0.15.jar;lwjgl.dll;lwjgl.jar;lwjgl64.dll;lwjgl_util.jar;lwjgl_util_applet.jar;natives-windows.jar;OpenAL32.dll;OpenAL64.dll;slick-examples.jar;slick.jar;tinylinepp.jar" Main.Entry
Args length:	461/32768 chars
Exit code:	0


Version:	3.12
CmdLine:	C:\Users\David\Google Drive\Personal\Computery\Programming Projects\NetBeans Projects\Slick2D Game\Deployment\Deployable\SlickGame.exe --l4j-debug
WOW64:		yes
Create mutex:	SlickGame
Working dir:	C:\Users\David\Google Drive\Personal\Computery\Programming Projects\NetBeans Projects\Slick2D Game\Deployment\Deployable\.\required
Java min ver:	1.002.000
Java max ver:	1.050.000
64-bit search:	SOFTWARE\JavaSoft\Java Runtime Environment...
Check:		SOFTWARE\JavaSoft\Java Runtime Environment\1.8
Check launcher:	C:\Program Files\Java\jre1.8.0_211\bin\javaw.exe (OK)
Match:		1.008.000
Check:		SOFTWARE\JavaSoft\Java Runtime Environment\1.8.0_211
Check launcher:	C:\Program Files\Java\jre1.8.0_211\bin\javaw.exe (OK)
Match:		1.008.000_211
64-bit search:	SOFTWARE\JavaSoft\Java Development Kit...
Check:		SOFTWARE\JavaSoft\Java Development Kit\1.8
Ignore:		1.008.000
Check:		SOFTWARE\JavaSoft\Java Development Kit\1.8.0_201
Ignore:		1.008.000_201
64-bit search:	SOFTWARE\JavaSoft\JRE...
64-bit search:	SOFTWARE\JavaSoft\JDK...
Runtime used:	1.008.000_211 (64-bit)
Launcher:	C:\Program Files\Java\jre1.8.0_211\bin\javaw.exe
Launcher args:	-jar "C:\Users\David\Google Drive\Personal\Computery\Programming Projects\NetBeans Projects\Slick2D Game\Deployment\Deployable\SlickGame.exe"
Args length:	141/32768 chars
Exit code:	0


Version:	3.12
CmdLine:	C:\Users\David\Google Drive\Personal\Computery\Programming Projects\NetBeans Projects\Slick2D Game\Deployment\Deployable\SlickGame.exe --l4j-debug
WOW64:		yes
Create mutex:	SlickGame
Working dir:	C:\Users\David\Google Drive\Personal\Computery\Programming Projects\NetBeans Projects\Slick2D Game\Deployment\Deployable\.\required
Java min ver:	1.002.000
Java max ver:	1.050.000
64-bit search:	SOFTWARE\JavaSoft\Java Runtime Environment...
Check:		SOFTWARE\JavaSoft\Java Runtime Environment\1.8
Check launcher:	C:\Program Files\Java\jre1.8.0_211\bin\javaw.exe (OK)
Match:		1.008.000
Check:		SOFTWARE\JavaSoft\Java Runtime Environment\1.8.0_211
Check launcher:	C:\Program Files\Java\jre1.8.0_211\bin\javaw.exe (OK)
Match:		1.008.000_211
64-bit search:	SOFTWARE\JavaSoft\Java Development Kit...
Check:		SOFTWARE\JavaSoft\Java Development Kit\1.8
Ignore:		1.008.000
Check:		SOFTWARE\JavaSoft\Java Development Kit\1.8.0_201
Ignore:		1.008.000_201
64-bit search:	SOFTWARE\JavaSoft\JRE...
64-bit search:	SOFTWARE\JavaSoft\JDK...
Runtime used:	1.008.000_211 (64-bit)
Launcher:	C:\Program Files\Java\jre1.8.0_211\bin\javaw.exe
Launcher args:	-jar "C:\Users\David\Google Drive\Personal\Computery\Programming Projects\NetBeans Projects\Slick2D Game\Deployment\Deployable\SlickGame.exe"
Args length:	141/32768 chars
Exit code:	0


Version:	3.12
CmdLine:	C:\Users\David\Google Drive\Personal\Computery\Programming Projects\NetBeans Projects\Slick2D Game\Deployment\Deployable\SlickGame.exe --l4j-debug
WOW64:		yes
Create mutex:	SlickGame
Working dir:	C:\Users\David\Google Drive\Personal\Computery\Programming Projects\NetBeans Projects\Slick2D Game\Deployment\Deployable\.\required
Java min ver:	1.002.000
Java max ver:	1.050.000
64-bit search:	SOFTWARE\JavaSoft\Java Runtime Environment...
Check:		SOFTWARE\JavaSoft\Java Runtime Environment\1.8
Check launcher:	C:\Program Files\Java\jre1.8.0_211\bin\javaw.exe (OK)
Match:		1.008.000
Check:		SOFTWARE\JavaSoft\Java Runtime Environment\1.8.0_211
Check launcher:	C:\Program Files\Java\jre1.8.0_211\bin\javaw.exe (OK)
Match:		1.008.000_211
64-bit search:	SOFTWARE\JavaSoft\Java Development Kit...
Check:		SOFTWARE\JavaSoft\Java Development Kit\1.8
Ignore:		1.008.000
Check:		SOFTWARE\JavaSoft\Java Development Kit\1.8.0_201
Ignore:		1.008.000_201
64-bit search:	SOFTWARE\JavaSoft\JRE...
64-bit search:	SOFTWARE\JavaSoft\JDK...
Runtime used:	1.008.000_211 (64-bit)
Main class:	main.Entry
Add classpath:	lib\ibxm.jar
Add classpath:	lib\jinput.jar
Add classpath:	lib\jnlp.jar
Add classpath:	lib\jogg-0.0.7.jar
Add classpath:	lib\jorbis-0.0.15.jar
Add classpath:	lib\lwjgl.jar
Add classpath:	lib\lwjgl_util.jar
Add classpath:	lib\lwjgl_util_applet.jar
Add classpath:	lib\natives-windows.jar
Add classpath:	lib\slick-examples.jar
Add classpath:	lib\slick.jar
Add classpath:	lib\tinylinepp.jar
Launcher:	C:\Program Files\Java\jre1.8.0_211\bin\javaw.exe
Launcher args:	-classpath "C:\Users\David\Google Drive\Personal\Computery\Programming Projects\NetBeans Projects\Slick2D Game\Deployment\Deployable\SlickGame.exe;lib\ibxm.jar;lib\jinput.jar;lib\jnlp.jar;lib\jogg-0.0.7.jar;lib\jorbis-0.0.15.jar;lib\lwjgl.jar;lib\lwjgl_util.jar;lib\lwjgl_util_applet.jar;lib\natives-windows.jar;lib\slick-examples.jar;lib\slick.jar;lib\tinylinepp.jar" main.Entry
Args length:	379/32768 chars
Exit code:	0


Version:	3.12
CmdLine:	C:\Users\David\Google Drive\Personal\Computery\Programming Projects\NetBeans Projects\Slick2D Game\Deployment\Deployable\SlickGame.exe --l4j-debug
WOW64:		yes
Create mutex:	SlickGame
Working dir:	C:\Users\David\Google Drive\Personal\Computery\Programming Projects\NetBeans Projects\Slick2D Game\Deployment\Deployable\.\required
Java min ver:	1.002.000
Java max ver:	1.050.000
64-bit search:	SOFTWARE\JavaSoft\Java Runtime Environment...
Check:		SOFTWARE\JavaSoft\Java Runtime Environment\1.8
Check launcher:	C:\Program Files\Java\jre1.8.0_211\bin\javaw.exe (OK)
Match:		1.008.000
Check:		SOFTWARE\JavaSoft\Java Runtime Environment\1.8.0_211
Check launcher:	C:\Program Files\Java\jre1.8.0_211\bin\javaw.exe (OK)
Match:		1.008.000_211
64-bit search:	SOFTWARE\JavaSoft\Java Development Kit...
Check:		SOFTWARE\JavaSoft\Java Development Kit\1.8
Ignore:		1.008.000
Check:		SOFTWARE\JavaSoft\Java Development Kit\1.8.0_201
Ignore:		1.008.000_201
64-bit search:	SOFTWARE\JavaSoft\JRE...
64-bit search:	SOFTWARE\JavaSoft\JDK...
Runtime used:	1.008.000_211 (64-bit)
Main class:	Main.Entry
Add classpath:	lib\ibxm.jar
Add classpath:	lib\jinput.jar
Add classpath:	lib\jnlp.jar
Add classpath:	lib\jogg-0.0.7.jar
Add classpath:	lib\jorbis-0.0.15.jar
Add classpath:	lib\lwjgl.jar
Add classpath:	lib\lwjgl_util.jar
Add classpath:	lib\lwjgl_util_applet.jar
Add classpath:	lib\natives-windows.jar
Add classpath:	lib\slick-examples.jar
Add classpath:	lib\slick.jar
Add classpath:	lib\tinylinepp.jar
Launcher:	C:\Program Files\Java\jre1.8.0_211\bin\javaw.exe
Launcher args:	-classpath "C:\Users\David\Google Drive\Personal\Computery\Programming Projects\NetBeans Projects\Slick2D Game\Deployment\Deployable\SlickGame.exe;lib\ibxm.jar;lib\jinput.jar;lib\jnlp.jar;lib\jogg-0.0.7.jar;lib\jorbis-0.0.15.jar;lib\lwjgl.jar;lib\lwjgl_util.jar;lib\lwjgl_util_applet.jar;lib\natives-windows.jar;lib\slick-examples.jar;lib\slick.jar;lib\tinylinepp.jar" Main.Entry
Args length:	379/32768 chars
Exit code:	0


Version:	3.12
CmdLine:	C:\Users\David\Google Drive\Personal\Computery\Programming Projects\NetBeans Projects\Slick2D Game\Deployment\Deployable\SlickGame.exe --l4j-debug
WOW64:		yes
Create mutex:	SlickGame
Working dir:	C:\Users\David\Google Drive\Personal\Computery\Programming Projects\NetBeans Projects\Slick2D Game\Deployment\Deployable\.\required
Java min ver:	1.002.000
Java max ver:	1.050.000
64-bit search:	SOFTWARE\JavaSoft\Java Runtime Environment...
Check:		SOFTWARE\JavaSoft\Java Runtime Environment\1.8
Check launcher:	C:\Program Files\Java\jre1.8.0_211\bin\javaw.exe (OK)
Match:		1.008.000
Check:		SOFTWARE\JavaSoft\Java Runtime Environment\1.8.0_211
Check launcher:	C:\Program Files\Java\jre1.8.0_211\bin\javaw.exe (OK)
Match:		1.008.000_211
64-bit search:	SOFTWARE\JavaSoft\Java Development Kit...
Check:		SOFTWARE\JavaSoft\Java Development Kit\1.8
Ignore:		1.008.000
Check:		SOFTWARE\JavaSoft\Java Development Kit\1.8.0_201
Ignore:		1.008.000_201
64-bit search:	SOFTWARE\JavaSoft\JRE...
64-bit search:	SOFTWARE\JavaSoft\JDK...
Runtime used:	1.008.000_211 (64-bit)
Main class:	main.Entry
Add classpath:	lib\ibxm.jar
Add classpath:	lib\jinput.jar
Add classpath:	lib\jnlp.jar
Add classpath:	lib\jogg-0.0.7.jar
Add classpath:	lib\jorbis-0.0.15.jar
Add classpath:	lib\lwjgl.jar
Add classpath:	lib\lwjgl_util.jar
Add classpath:	lib\lwjgl_util_applet.jar
Add classpath:	lib\natives-windows.jar
Add classpath:	lib\slick-examples.jar
Add classpath:	lib\slick.jar
Add classpath:	lib\tinylinepp.jar
Launcher:	C:\Program Files\Java\jre1.8.0_211\bin\javaw.exe
Launcher args:	-classpath "C:\Users\David\Google Drive\Personal\Computery\Programming Projects\NetBeans Projects\Slick2D Game\Deployment\Deployable\SlickGame.exe;lib\ibxm.jar;lib\jinput.jar;lib\jnlp.jar;lib\jogg-0.0.7.jar;lib\jorbis-0.0.15.jar;lib\lwjgl.jar;lib\lwjgl_util.jar;lib\lwjgl_util_applet.jar;lib\natives-windows.jar;lib\slick-examples.jar;lib\slick.jar;lib\tinylinepp.jar" main.Entry
Args length:	379/32768 chars
Exit code:	0


Version:	3.12
CmdLine:	C:\Users\David\Google Drive\Personal\Computery\Programming Projects\NetBeans Projects\Slick2D Game\Deployment\Deployable\SlickGame.exe --l4j-debug
WOW64:		yes
Create mutex:	SlickGame
Working dir:	C:\Users\David\Google Drive\Personal\Computery\Programming Projects\NetBeans Projects\Slick2D Game\Deployment\Deployable\.\required
Java min ver:	1.002.000
Java max ver:	1.050.000
64-bit search:	SOFTWARE\JavaSoft\Java Runtime Environment...
Check:		SOFTWARE\JavaSoft\Java Runtime Environment\1.8
Check launcher:	C:\Program Files\Java\jre1.8.0_211\bin\javaw.exe (OK)
Match:		1.008.000
Check:		SOFTWARE\JavaSoft\Java Runtime Environment\1.8.0_211
Check launcher:	C:\Program Files\Java\jre1.8.0_211\bin\javaw.exe (OK)
Match:		1.008.000_211
64-bit search:	SOFTWARE\JavaSoft\Java Development Kit...
Check:		SOFTWARE\JavaSoft\Java Development Kit\1.8
Ignore:		1.008.000
Check:		SOFTWARE\JavaSoft\Java Development Kit\1.8.0_201
Ignore:		1.008.000_201
64-bit search:	SOFTWARE\JavaSoft\JRE...
64-bit search:	SOFTWARE\JavaSoft\JDK...
Runtime used:	1.008.000_211 (64-bit)
Main class:	main.Entry
Add classpath:	lib\ibxm.jar
Add classpath:	lib\jinput.jar
Add classpath:	lib\jnlp.jar
Add classpath:	lib\jogg-0.0.7.jar
Add classpath:	lib\jorbis-0.0.15.jar
Add classpath:	lib\lwjgl.jar
Add classpath:	lib\lwjgl_util.jar
Add classpath:	lib\lwjgl_util_applet.jar
Add classpath:	lib\natives-windows.jar
Add classpath:	lib\slick-examples.jar
Add classpath:	lib\slick.jar
Add classpath:	lib\tinylinepp.jar
Launcher:	C:\Program Files\Java\jre1.8.0_211\bin\javaw.exe
Launcher args:	-classpath "C:\Users\David\Google Drive\Personal\Computery\Programming Projects\NetBeans Projects\Slick2D Game\Deployment\Deployable\SlickGame.exe;lib\ibxm.jar;lib\jinput.jar;lib\jnlp.jar;lib\jogg-0.0.7.jar;lib\jorbis-0.0.15.jar;lib\lwjgl.jar;lib\lwjgl_util.jar;lib\lwjgl_util_applet.jar;lib\natives-windows.jar;lib\slick-examples.jar;lib\slick.jar;lib\tinylinepp.jar" main.Entry
Args length:	379/32768 chars
Exit code:	0


Version:	3.12
CmdLine:	C:\Users\David\Google Drive\Personal\Computery\Programming Projects\NetBeans Projects\Slick2D Game\Deployment\Deployable\SlickGame.exe --l4j-debug
WOW64:		yes
Create mutex:	SlickGame
Working dir:	C:\Users\David\Google Drive\Personal\Computery\Programming Projects\NetBeans Projects\Slick2D Game\Deployment\Deployable\.\required
Java min ver:	1.002.000
Java max ver:	1.050.000
64-bit search:	SOFTWARE\JavaSoft\Java Runtime Environment...
Check:		SOFTWARE\JavaSoft\Java Runtime Environment\1.8
Check launcher:	C:\Program Files\Java\jre1.8.0_211\bin\javaw.exe (OK)
Match:		1.008.000
Check:		SOFTWARE\JavaSoft\Java Runtime Environment\1.8.0_211
Check launcher:	C:\Program Files\Java\jre1.8.0_211\bin\javaw.exe (OK)
Match:		1.008.000_211
64-bit search:	SOFTWARE\JavaSoft\Java Development Kit...
Check:		SOFTWARE\JavaSoft\Java Development Kit\1.8
Ignore:		1.008.000
Check:		SOFTWARE\JavaSoft\Java Development Kit\1.8.0_201
Ignore:		1.008.000_201
64-bit search:	SOFTWARE\JavaSoft\JRE...
64-bit search:	SOFTWARE\JavaSoft\JDK...
Runtime used:	1.008.000_211 (64-bit)
Main class:	main.Entry
Add classpath:	lib\ibxm.jar
Add classpath:	lib\jinput.jar
Add classpath:	lib\jnlp.jar
Add classpath:	lib\jogg-0.0.7.jar
Add classpath:	lib\jorbis-0.0.15.jar
Add classpath:	lib\lwjgl.jar
Add classpath:	lib\lwjgl_util.jar
Add classpath:	lib\lwjgl_util_applet.jar
Add classpath:	lib\natives-windows.jar
Add classpath:	lib\slick-examples.jar
Add classpath:	lib\slick.jar
Add classpath:	lib\tinylinepp.jar
Launcher:	C:\Program Files\Java\jre1.8.0_211\bin\javaw.exe
Launcher args:	-classpath "C:\Users\David\Google Drive\Personal\Computery\Programming Projects\NetBeans Projects\Slick2D Game\Deployment\Deployable\SlickGame.exe;lib\ibxm.jar;lib\jinput.jar;lib\jnlp.jar;lib\jogg-0.0.7.jar;lib\jorbis-0.0.15.jar;lib\lwjgl.jar;lib\lwjgl_util.jar;lib\lwjgl_util_applet.jar;lib\natives-windows.jar;lib\slick-examples.jar;lib\slick.jar;lib\tinylinepp.jar" main.Entry
Args length:	379/32768 chars
Exit code:	0


Version:	3.12
CmdLine:	C:\Users\David\Google Drive\Personal\Computery\Programming Projects\NetBeans Projects\Slick2D Game\Deployment\Deployable\SlickGame.exe --l4j-debug
WOW64:		yes
Create mutex:	SlickGame
Working dir:	C:\Users\David\Google Drive\Personal\Computery\Programming Projects\NetBeans Projects\Slick2D Game\Deployment\Deployable\.\required
Java min ver:	1.002.000
Java max ver:	1.050.000
64-bit search:	SOFTWARE\JavaSoft\Java Runtime Environment...
Check:		SOFTWARE\JavaSoft\Java Runtime Environment\1.8
Check launcher:	C:\Program Files\Java\jre1.8.0_211\bin\javaw.exe (OK)
Match:		1.008.000
Check:		SOFTWARE\JavaSoft\Java Runtime Environment\1.8.0_211
Check launcher:	C:\Program Files\Java\jre1.8.0_211\bin\javaw.exe (OK)
Match:		1.008.000_211
64-bit search:	SOFTWARE\JavaSoft\Java Development Kit...
Check:		SOFTWARE\JavaSoft\Java Development Kit\1.8
Ignore:		1.008.000
Check:		SOFTWARE\JavaSoft\Java Development Kit\1.8.0_201
Ignore:		1.008.000_201
64-bit search:	SOFTWARE\JavaSoft\JRE...
64-bit search:	SOFTWARE\JavaSoft\JDK...
Runtime used:	1.008.000_211 (64-bit)
Main class:	Main.Entry
Add classpath:	lib\ibxm.jar
Add classpath:	lib\jinput.jar
Add classpath:	lib\jnlp.jar
Add classpath:	lib\jogg-0.0.7.jar
Add classpath:	lib\jorbis-0.0.15.jar
Add classpath:	lib\lwjgl.jar
Add classpath:	lib\lwjgl_util.jar
Add classpath:	lib\lwjgl_util_applet.jar
Add classpath:	lib\natives-windows.jar
Add classpath:	lib\slick-examples.jar
Add classpath:	lib\slick.jar
Add classpath:	lib\tinylinepp.jar
Launcher:	C:\Program Files\Java\jre1.8.0_211\bin\javaw.exe
Launcher args:	-classpath "C:\Users\David\Google Drive\Personal\Computery\Programming Projects\NetBeans Projects\Slick2D Game\Deployment\Deployable\SlickGame.exe;lib\ibxm.jar;lib\jinput.jar;lib\jnlp.jar;lib\jogg-0.0.7.jar;lib\jorbis-0.0.15.jar;lib\lwjgl.jar;lib\lwjgl_util.jar;lib\lwjgl_util_applet.jar;lib\natives-windows.jar;lib\slick-examples.jar;lib\slick.jar;lib\tinylinepp.jar" Main.Entry
Args length:	379/32768 chars
Exit code:	0


Version:	3.12
CmdLine:	C:\Users\David\Google Drive\Personal\Computery\Programming Projects\NetBeans Projects\Slick2D Game\Deployment\Deployable\SlickGame.exe --l4j-debug
WOW64:		yes
Create mutex:	SlickGame
Working dir:	C:\Users\David\Google Drive\Personal\Computery\Programming Projects\NetBeans Projects\Slick2D Game\Deployment\Deployable\.\required
Java min ver:	1.002.000
Java max ver:	1.050.000
64-bit search:	SOFTWARE\JavaSoft\Java Runtime Environment...
Check:		SOFTWARE\JavaSoft\Java Runtime Environment\1.8
Check launcher:	C:\Program Files\Java\jre1.8.0_211\bin\javaw.exe (OK)
Match:		1.008.000
Check:		SOFTWARE\JavaSoft\Java Runtime Environment\1.8.0_211
Check launcher:	C:\Program Files\Java\jre1.8.0_211\bin\javaw.exe (OK)
Match:		1.008.000_211
64-bit search:	SOFTWARE\JavaSoft\Java Development Kit...
Check:		SOFTWARE\JavaSoft\Java Development Kit\1.8
Ignore:		1.008.000
Check:		SOFTWARE\JavaSoft\Java Development Kit\1.8.0_201
Ignore:		1.008.000_201
64-bit search:	SOFTWARE\JavaSoft\JRE...
64-bit search:	SOFTWARE\JavaSoft\JDK...
Runtime used:	1.008.000_211 (64-bit)
Main class:	Main.Entry
Add classpath:	*.*
      "      :	.
      "      :	..
      "      :	Advice.txt
      "      :	ibxm.jar
      "      :	jinput-dx8.dll
      "      :	jinput-dx8_64.dll
      "      :	jinput-raw.dll
      "      :	jinput-raw_64.dll
      "      :	jinput.jar
      "      :	jnlp.jar
      "      :	jogg-0.0.7.jar
      "      :	jorbis-0.0.15.jar
      "      :	lwjgl.dll
      "      :	lwjgl.jar
      "      :	lwjgl64.dll
      "      :	lwjgl_util.jar
      "      :	lwjgl_util_applet.jar
      "      :	natives-windows.jar
      "      :	OpenAL32.dll
      "      :	OpenAL64.dll
      "      :	slick-examples.jar
      "      :	slick.jar
      "      :	tinylinepp.jar
Launcher:	C:\Program Files\Java\jre1.8.0_211\bin\javaw.exe
Launcher args:	-classpath "C:\Users\David\Google Drive\Personal\Computery\Programming Projects\NetBeans Projects\Slick2D Game\Deployment\Deployable\SlickGame.exe;.;..;Advice.txt;ibxm.jar;jinput-dx8.dll;jinput-dx8_64.dll;jinput-raw.dll;jinput-raw_64.dll;jinput.jar;jnlp.jar;jogg-0.0.7.jar;jorbis-0.0.15.jar;lwjgl.dll;lwjgl.jar;lwjgl64.dll;lwjgl_util.jar;lwjgl_util_applet.jar;natives-windows.jar;OpenAL32.dll;OpenAL64.dll;slick-examples.jar;slick.jar;tinylinepp.jar" Main.Entry
Args length:	461/32768 chars
Exit code:	0


Version:	3.12
CmdLine:	C:\Users\David\Google Drive\Personal\Computery\Programming Projects\NetBeans Projects\Slick2D Game\Deployment\Deployable\SlickGame.exe --l4j-debug
WOW64:		yes
Create mutex:	SlickGame
Working dir:	C:\Users\David\Google Drive\Personal\Computery\Programming Projects\NetBeans Projects\Slick2D Game\Deployment\Deployable\.\required
Java min ver:	1.002.000
Java max ver:	1.050.000
64-bit search:	SOFTWARE\JavaSoft\Java Runtime Environment...
Check:		SOFTWARE\JavaSoft\Java Runtime Environment\1.8
Check launcher:	C:\Program Files\Java\jre1.8.0_211\bin\javaw.exe (OK)
Match:		1.008.000
Check:		SOFTWARE\JavaSoft\Java Runtime Environment\1.8.0_211
Check launcher:	C:\Program Files\Java\jre1.8.0_211\bin\javaw.exe (OK)
Match:		1.008.000_211
64-bit search:	SOFTWARE\JavaSoft\Java Development Kit...
Check:		SOFTWARE\JavaSoft\Java Development Kit\1.8
Ignore:		1.008.000
Check:		SOFTWARE\JavaSoft\Java Development Kit\1.8.0_201
Ignore:		1.008.000_201
64-bit search:	SOFTWARE\JavaSoft\JRE...
64-bit search:	SOFTWARE\JavaSoft\JDK...
Runtime used:	1.008.000_211 (64-bit)
Main class:	Main.Entry
Add classpath:	*.*
      "      :	.
      "      :	..
      "      :	Advice.txt
      "      :	ibxm.jar
      "      :	jinput-dx8.dll
      "      :	jinput-dx8_64.dll
      "      :	jinput-raw.dll
      "      :	jinput-raw_64.dll
      "      :	jinput.jar
      "      :	jnlp.jar
      "      :	jogg-0.0.7.jar
      "      :	jorbis-0.0.15.jar
      "      :	lwjgl.dll
      "      :	lwjgl.jar
      "      :	lwjgl64.dll
      "      :	lwjgl_util.jar
      "      :	lwjgl_util_applet.jar
      "      :	natives-windows.jar
      "      :	OpenAL32.dll
      "      :	OpenAL64.dll
      "      :	slick-examples.jar
      "      :	slick.jar
      "      :	tinylinepp.jar
Launcher:	C:\Program Files\Java\jre1.8.0_211\bin\javaw.exe
Launcher args:	-classpath "C:\Users\David\Google Drive\Personal\Computery\Programming Projects\NetBeans Projects\Slick2D Game\Deployment\Deployable\SlickGame.exe;.;..;Advice.txt;ibxm.jar;jinput-dx8.dll;jinput-dx8_64.dll;jinput-raw.dll;jinput-raw_64.dll;jinput.jar;jnlp.jar;jogg-0.0.7.jar;jorbis-0.0.15.jar;lwjgl.dll;lwjgl.jar;lwjgl64.dll;lwjgl_util.jar;lwjgl_util_applet.jar;natives-windows.jar;OpenAL32.dll;OpenAL64.dll;slick-examples.jar;slick.jar;tinylinepp.jar" Main.Entry
Args length:	461/32768 chars
Exit code:	0


Version:	3.12
CmdLine:	C:\Users\David\Google Drive\Personal\Computery\Programming Projects\NetBeans Projects\Slick2D Game\Deployment\Deployable\SlickGame.exe --l4j-debug
WOW64:		yes
Create mutex:	SlickGame
Working dir:	C:\Users\David\Google Drive\Personal\Computery\Programming Projects\NetBeans Projects\Slick2D Game\Deployment\Deployable\.\required
Java min ver:	1.002.000
Java max ver:	1.050.000
64-bit search:	SOFTWARE\JavaSoft\Java Runtime Environment...
Check:		SOFTWARE\JavaSoft\Java Runtime Environment\1.8
Check launcher:	C:\Program Files\Java\jre1.8.0_211\bin\javaw.exe (OK)
Match:		1.008.000
Check:		SOFTWARE\JavaSoft\Java Runtime Environment\1.8.0_211
Check launcher:	C:\Program Files\Java\jre1.8.0_211\bin\javaw.exe (OK)
Match:		1.008.000_211
64-bit search:	SOFTWARE\JavaSoft\Java Development Kit...
Check:		SOFTWARE\JavaSoft\Java Development Kit\1.8
Ignore:		1.008.000
Check:		SOFTWARE\JavaSoft\Java Development Kit\1.8.0_201
Ignore:		1.008.000_201
64-bit search:	SOFTWARE\JavaSoft\JRE...
64-bit search:	SOFTWARE\JavaSoft\JDK...
Runtime used:	1.008.000_211 (64-bit)
Main class:	main.Entry
Add classpath:	*.*
      "      :	.
      "      :	..
      "      :	Advice.txt
      "      :	ibxm.jar
      "      :	jinput-dx8.dll
      "      :	jinput-dx8_64.dll
      "      :	jinput-raw.dll
      "      :	jinput-raw_64.dll
      "      :	jinput.jar
      "      :	jnlp.jar
      "      :	jogg-0.0.7.jar
      "      :	jorbis-0.0.15.jar
      "      :	lwjgl.dll
      "      :	lwjgl.jar
      "      :	lwjgl64.dll
      "      :	lwjgl_util.jar
      "      :	lwjgl_util_applet.jar
      "      :	natives-windows.jar
      "      :	OpenAL32.dll
      "      :	OpenAL64.dll
      "      :	slick-examples.jar
      "      :	slick.jar
      "      :	tinylinepp.jar
Launcher:	C:\Program Files\Java\jre1.8.0_211\bin\javaw.exe
Launcher args:	-classpath "C:\Users\David\Google Drive\Personal\Computery\Programming Projects\NetBeans Projects\Slick2D Game\Deployment\Deployable\SlickGame.exe;.;..;Advice.txt;ibxm.jar;jinput-dx8.dll;jinput-dx8_64.dll;jinput-raw.dll;jinput-raw_64.dll;jinput.jar;jnlp.jar;jogg-0.0.7.jar;jorbis-0.0.15.jar;lwjgl.dll;lwjgl.jar;lwjgl64.dll;lwjgl_util.jar;lwjgl_util_applet.jar;natives-windows.jar;OpenAL32.dll;OpenAL64.dll;slick-examples.jar;slick.jar;tinylinepp.jar" main.Entry
Args length:	461/32768 chars
Exit code:	0


Version:	3.12
CmdLine:	C:\Users\David\Google Drive\Personal\Computery\Programming Projects\NetBeans Projects\Slick2D Game\Deployment\Deployable\SlickGame.exe --l4j-debug
WOW64:		yes
Create mutex:	SlickGame
Working dir:	C:\Users\David\Google Drive\Personal\Computery\Programming Projects\NetBeans Projects\Slick2D Game\Deployment\Deployable\.\required
Java min ver:	1.002.000
Java max ver:	1.050.000
64-bit search:	SOFTWARE\JavaSoft\Java Runtime Environment...
Check:		SOFTWARE\JavaSoft\Java Runtime Environment\1.8
Check launcher:	C:\Program Files\Java\jre1.8.0_211\bin\javaw.exe (OK)
Match:		1.008.000
Check:		SOFTWARE\JavaSoft\Java Runtime Environment\1.8.0_211
Check launcher:	C:\Program Files\Java\jre1.8.0_211\bin\javaw.exe (OK)
Match:		1.008.000_211
64-bit search:	SOFTWARE\JavaSoft\Java Development Kit...
Check:		SOFTWARE\JavaSoft\Java Development Kit\1.8
Ignore:		1.008.000
Check:		SOFTWARE\JavaSoft\Java Development Kit\1.8.0_201
Ignore:		1.008.000_201
64-bit search:	SOFTWARE\JavaSoft\JRE...
64-bit search:	SOFTWARE\JavaSoft\JDK...
Runtime used:	1.008.000_211 (64-bit)
Main class:	main.Entry
Add classpath:	*.*
      "      :	.
      "      :	..
      "      :	Advice.txt
      "      :	ibxm.jar
      "      :	jinput-dx8.dll
      "      :	jinput-dx8_64.dll
      "      :	jinput-raw.dll
      "      :	jinput-raw_64.dll
      "      :	jinput.jar
      "      :	jnlp.jar
      "      :	jogg-0.0.7.jar
      "      :	jorbis-0.0.15.jar
      "      :	lwjgl.dll
      "      :	lwjgl.jar
      "      :	lwjgl64.dll
      "      :	lwjgl_util.jar
      "      :	lwjgl_util_applet.jar
      "      :	natives-windows.jar
      "      :	OpenAL32.dll
      "      :	OpenAL64.dll
      "      :	slick-examples.jar
      "      :	slick.jar
      "      :	tinylinepp.jar
Launcher:	C:\Program Files\Java\jre1.8.0_211\bin\javaw.exe
Launcher args:	-classpath "C:\Users\David\Google Drive\Personal\Computery\Programming Projects\NetBeans Projects\Slick2D Game\Deployment\Deployable\SlickGame.exe;.;..;Advice.txt;ibxm.jar;jinput-dx8.dll;jinput-dx8_64.dll;jinput-raw.dll;jinput-raw_64.dll;jinput.jar;jnlp.jar;jogg-0.0.7.jar;jorbis-0.0.15.jar;lwjgl.dll;lwjgl.jar;lwjgl64.dll;lwjgl_util.jar;lwjgl_util_applet.jar;natives-windows.jar;OpenAL32.dll;OpenAL64.dll;slick-examples.jar;slick.jar;tinylinepp.jar" main.Entry
Args length:	461/32768 chars
Exit code:	0


Version:	3.12
CmdLine:	C:\Users\David\Google Drive\Personal\Computery\Programming Projects\NetBeans Projects\Slick2D Game\Deployment\Deployable\SlickGame.exe --l4j-debug
WOW64:		yes
Create mutex:	SlickGame
Working dir:	C:\Users\David\Google Drive\Personal\Computery\Programming Projects\NetBeans Projects\Slick2D Game\Deployment\Deployable\.\required
Java min ver:	1.002.000
Java max ver:	1.050.000
64-bit search:	SOFTWARE\JavaSoft\Java Runtime Environment...
Check:		SOFTWARE\JavaSoft\Java Runtime Environment\1.8
Check launcher:	C:\Program Files\Java\jre1.8.0_211\bin\javaw.exe (OK)
Match:		1.008.000
Check:		SOFTWARE\JavaSoft\Java Runtime Environment\1.8.0_211
Check launcher:	C:\Program Files\Java\jre1.8.0_211\bin\javaw.exe (OK)
Match:		1.008.000_211
64-bit search:	SOFTWARE\JavaSoft\Java Development Kit...
Check:		SOFTWARE\JavaSoft\Java Development Kit\1.8
Ignore:		1.008.000
Check:		SOFTWARE\JavaSoft\Java Development Kit\1.8.0_201
Ignore:		1.008.000_201
64-bit search:	SOFTWARE\JavaSoft\JRE...
64-bit search:	SOFTWARE\JavaSoft\JDK...
Runtime used:	1.008.000_211 (64-bit)
Main class:	main.Entry
Add classpath:	*.*
      "      :	.
      "      :	..
      "      :	Advice.txt
      "      :	ibxm.jar
      "      :	jinput-dx8.dll
      "      :	jinput-dx8_64.dll
      "      :	jinput-raw.dll
      "      :	jinput-raw_64.dll
      "      :	jinput.jar
      "      :	jnlp.jar
      "      :	jogg-0.0.7.jar
      "      :	jorbis-0.0.15.jar
      "      :	lwjgl.dll
      "      :	lwjgl.jar
      "      :	lwjgl64.dll
      "      :	lwjgl_util.jar
      "      :	lwjgl_util_applet.jar
      "      :	natives-windows.jar
      "      :	OpenAL32.dll
      "      :	OpenAL64.dll
      "      :	slick-examples.jar
      "      :	slick.jar
      "      :	tinylinepp.jar
Launcher:	C:\Program Files\Java\jre1.8.0_211\bin\javaw.exe
Launcher args:	-classpath "C:\Users\David\Google Drive\Personal\Computery\Programming Projects\NetBeans Projects\Slick2D Game\Deployment\Deployable\SlickGame.exe;.;..;Advice.txt;ibxm.jar;jinput-dx8.dll;jinput-dx8_64.dll;jinput-raw.dll;jinput-raw_64.dll;jinput.jar;jnlp.jar;jogg-0.0.7.jar;jorbis-0.0.15.jar;lwjgl.dll;lwjgl.jar;lwjgl64.dll;lwjgl_util.jar;lwjgl_util_applet.jar;natives-windows.jar;OpenAL32.dll;OpenAL64.dll;slick-examples.jar;slick.jar;tinylinepp.jar" main.Entry
Args length:	461/32768 chars
Exit code:	0


Version:	3.12
CmdLine:	C:\Users\David\Google Drive\Personal\Computery\Programming Projects\NetBeans Projects\Slick2D Game\Deployment\Deployable\SlickGame.exe --l4j-debug
WOW64:		yes
Create mutex:	SlickGame
Working dir:	C:\Users\David\Google Drive\Personal\Computery\Programming Projects\NetBeans Projects\Slick2D Game\Deployment\Deployable\.\required
Java min ver:	1.002.000
Java max ver:	1.050.000
64-bit search:	SOFTWARE\JavaSoft\Java Runtime Environment...
Check:		SOFTWARE\JavaSoft\Java Runtime Environment\1.8
Check launcher:	C:\Program Files\Java\jre1.8.0_211\bin\javaw.exe (OK)
Match:		1.008.000
Check:		SOFTWARE\JavaSoft\Java Runtime Environment\1.8.0_211
Check launcher:	C:\Program Files\Java\jre1.8.0_211\bin\javaw.exe (OK)
Match:		1.008.000_211
64-bit search:	SOFTWARE\JavaSoft\Java Development Kit...
Check:		SOFTWARE\JavaSoft\Java Development Kit\1.8
Ignore:		1.008.000
Check:		SOFTWARE\JavaSoft\Java Development Kit\1.8.0_201
Ignore:		1.008.000_201
64-bit search:	SOFTWARE\JavaSoft\JRE...
64-bit search:	SOFTWARE\JavaSoft\JDK...
Runtime used:	1.008.000_211 (64-bit)
Main class:	main.Entry
Add classpath:	*.*
      "      :	.
      "      :	..
      "      :	Advice.txt
      "      :	ibxm.jar
      "      :	jinput-dx8.dll
      "      :	jinput-dx8_64.dll
      "      :	jinput-raw.dll
      "      :	jinput-raw_64.dll
      "      :	jinput.jar
      "      :	jnlp.jar
      "      :	jogg-0.0.7.jar
      "      :	jorbis-0.0.15.jar
      "      :	lwjgl.dll
      "      :	lwjgl.jar
      "      :	lwjgl64.dll
      "      :	lwjgl_util.jar
      "      :	lwjgl_util_applet.jar
      "      :	natives-windows.jar
      "      :	OpenAL32.dll
      "      :	OpenAL64.dll
      "      :	slick-examples.jar
      "      :	slick.jar
      "      :	tinylinepp.jar
Launcher:	C:\Program Files\Java\jre1.8.0_211\bin\javaw.exe
Launcher args:	-classpath "C:\Users\David\Google Drive\Personal\Computery\Programming Projects\NetBeans Projects\Slick2D Game\Deployment\Deployable\SlickGame.exe;.;..;Advice.txt;ibxm.jar;jinput-dx8.dll;jinput-dx8_64.dll;jinput-raw.dll;jinput-raw_64.dll;jinput.jar;jnlp.jar;jogg-0.0.7.jar;jorbis-0.0.15.jar;lwjgl.dll;lwjgl.jar;lwjgl64.dll;lwjgl_util.jar;lwjgl_util_applet.jar;natives-windows.jar;OpenAL32.dll;OpenAL64.dll;slick-examples.jar;slick.jar;tinylinepp.jar" main.Entry
Args length:	461/32768 chars
Exit code:	0


Version:	3.12
CmdLine:	C:\Users\David\Google Drive\Personal\Computery\Programming Projects\NetBeans Projects\Slick2D Game\Deployment\Deployable\SlickGame.exe --l4j-debug
WOW64:		yes
Create mutex:	SlickGame
Working dir:	C:\Users\David\Google Drive\Personal\Computery\Programming Projects\NetBeans Projects\Slick2D Game\Deployment\Deployable\.\required
Java min ver:	1.002.000
Java max ver:	1.050.000
64-bit search:	SOFTWARE\JavaSoft\Java Runtime Environment...
Check:		SOFTWARE\JavaSoft\Java Runtime Environment\1.8
Check launcher:	C:\Program Files\Java\jre1.8.0_211\bin\javaw.exe (OK)
Match:		1.008.000
Check:		SOFTWARE\JavaSoft\Java Runtime Environment\1.8.0_211
Check launcher:	C:\Program Files\Java\jre1.8.0_211\bin\javaw.exe (OK)
Match:		1.008.000_211
64-bit search:	SOFTWARE\JavaSoft\Java Development Kit...
Check:		SOFTWARE\JavaSoft\Java Development Kit\1.8
Ignore:		1.008.000
Check:		SOFTWARE\JavaSoft\Java Development Kit\1.8.0_201
Ignore:		1.008.000_201
64-bit search:	SOFTWARE\JavaSoft\JRE...
64-bit search:	SOFTWARE\JavaSoft\JDK...
Runtime used:	1.008.000_211 (64-bit)
Main class:	main.Entry
Add classpath:	*.*
      "      :	.
      "      :	..
      "      :	Advice.txt
      "      :	ibxm.jar
      "      :	jinput-dx8.dll
      "      :	jinput-dx8_64.dll
      "      :	jinput-raw.dll
      "      :	jinput-raw_64.dll
      "      :	jinput.jar
      "      :	jnlp.jar
      "      :	jogg-0.0.7.jar
      "      :	jorbis-0.0.15.jar
      "      :	lwjgl.dll
      "      :	lwjgl.jar
      "      :	lwjgl64.dll
      "      :	lwjgl_util.jar
      "      :	lwjgl_util_applet.jar
      "      :	natives-windows.jar
      "      :	OpenAL32.dll
      "      :	OpenAL64.dll
      "      :	slick-examples.jar
      "      :	slick.jar
      "      :	tinylinepp.jar
Launcher:	C:\Program Files\Java\jre1.8.0_211\bin\javaw.exe
Launcher args:	-classpath "C:\Users\David\Google Drive\Personal\Computery\Programming Projects\NetBeans Projects\Slick2D Game\Deployment\Deployable\SlickGame.exe;.;..;Advice.txt;ibxm.jar;jinput-dx8.dll;jinput-dx8_64.dll;jinput-raw.dll;jinput-raw_64.dll;jinput.jar;jnlp.jar;jogg-0.0.7.jar;jorbis-0.0.15.jar;lwjgl.dll;lwjgl.jar;lwjgl64.dll;lwjgl_util.jar;lwjgl_util_applet.jar;natives-windows.jar;OpenAL32.dll;OpenAL64.dll;slick-examples.jar;slick.jar;tinylinepp.jar" main.Entry
Args length:	461/32768 chars
Exit code:	0


Version:	3.12
CmdLine:	C:\Users\David\Google Drive\Personal\Computery\Programming Projects\NetBeans Projects\Slick2D Game\Deployment\Deployable\SlickGame.exe --l4j-debug
WOW64:		yes
Create mutex:	SlickGame
Working dir:	C:\Users\David\Google Drive\Personal\Computery\Programming Projects\NetBeans Projects\Slick2D Game\Deployment\Deployable\.\required
Java min ver:	1.002.000
Java max ver:	1.050.000
64-bit search:	SOFTWARE\JavaSoft\Java Runtime Environment...
Check:		SOFTWARE\JavaSoft\Java Runtime Environment\1.8
Check launcher:	C:\Program Files\Java\jre1.8.0_211\bin\javaw.exe (OK)
Match:		1.008.000
Check:		SOFTWARE\JavaSoft\Java Runtime Environment\1.8.0_211
Check launcher:	C:\Program Files\Java\jre1.8.0_211\bin\javaw.exe (OK)
Match:		1.008.000_211
64-bit search:	SOFTWARE\JavaSoft\Java Development Kit...
Check:		SOFTWARE\JavaSoft\Java Development Kit\1.8
Ignore:		1.008.000
Check:		SOFTWARE\JavaSoft\Java Development Kit\1.8.0_201
Ignore:		1.008.000_201
64-bit search:	SOFTWARE\JavaSoft\JRE...
64-bit search:	SOFTWARE\JavaSoft\JDK...
Runtime used:	1.008.000_211 (64-bit)
Main class:	main.Entry
Add classpath:	*.*
      "      :	.
      "      :	..
      "      :	Advice.txt
      "      :	ibxm.jar
      "      :	jinput-dx8.dll
      "      :	jinput-dx8_64.dll
      "      :	jinput-raw.dll
      "      :	jinput-raw_64.dll
      "      :	jinput.jar
      "      :	jnlp.jar
      "      :	jogg-0.0.7.jar
      "      :	jorbis-0.0.15.jar
      "      :	lwjgl.dll
      "      :	lwjgl.jar
      "      :	lwjgl64.dll
      "      :	lwjgl_util.jar
      "      :	lwjgl_util_applet.jar
      "      :	natives-windows.jar
      "      :	OpenAL32.dll
      "      :	OpenAL64.dll
      "      :	slick-examples.jar
      "      :	slick.jar
      "      :	tinylinepp.jar
Launcher:	C:\Program Files\Java\jre1.8.0_211\bin\javaw.exe
Launcher args:	-classpath "C:\Users\David\Google Drive\Personal\Computery\Programming Projects\NetBeans Projects\Slick2D Game\Deployment\Deployable\SlickGame.exe;.;..;Advice.txt;ibxm.jar;jinput-dx8.dll;jinput-dx8_64.dll;jinput-raw.dll;jinput-raw_64.dll;jinput.jar;jnlp.jar;jogg-0.0.7.jar;jorbis-0.0.15.jar;lwjgl.dll;lwjgl.jar;lwjgl64.dll;lwjgl_util.jar;lwjgl_util_applet.jar;natives-windows.jar;OpenAL32.dll;OpenAL64.dll;slick-examples.jar;slick.jar;tinylinepp.jar" main.Entry
Args length:	461/32768 chars
Exit code:	0


Version:	3.12
CmdLine:	C:\Users\David\Google Drive\Personal\Computery\Programming Projects\NetBeans Projects\Slick2D Game\Deployment\Deployable\SlickGame.exe --l4j-debug
WOW64:		yes
Create mutex:	SlickGame
Working dir:	C:\Users\David\Google Drive\Personal\Computery\Programming Projects\NetBeans Projects\Slick2D Game\Deployment\Deployable\.\required
Java min ver:	1.002.000
Java max ver:	1.050.000
64-bit search:	SOFTWARE\JavaSoft\Java Runtime Environment...
Check:		SOFTWARE\JavaSoft\Java Runtime Environment\1.8
Check launcher:	C:\Program Files\Java\jre1.8.0_211\bin\javaw.exe (OK)
Match:		1.008.000
Check:		SOFTWARE\JavaSoft\Java Runtime Environment\1.8.0_211
Check launcher:	C:\Program Files\Java\jre1.8.0_211\bin\javaw.exe (OK)
Match:		1.008.000_211
64-bit search:	SOFTWARE\JavaSoft\Java Development Kit...
Check:		SOFTWARE\JavaSoft\Java Development Kit\1.8
Ignore:		1.008.000
Check:		SOFTWARE\JavaSoft\Java Development Kit\1.8.0_201
Ignore:		1.008.000_201
64-bit search:	SOFTWARE\JavaSoft\JRE...
64-bit search:	SOFTWARE\JavaSoft\JDK...
Runtime used:	1.008.000_211 (64-bit)
Main class:	main.Entry
Add classpath:	*.*
      "      :	.
      "      :	..
      "      :	Advice.txt
      "      :	ibxm.jar
      "      :	jinput-dx8.dll
      "      :	jinput-dx8_64.dll
      "      :	jinput-raw.dll
      "      :	jinput-raw_64.dll
      "      :	jinput.jar
      "      :	jnlp.jar
      "      :	jogg-0.0.7.jar
      "      :	jorbis-0.0.15.jar
      "      :	lwjgl.dll
      "      :	lwjgl.jar
      "      :	lwjgl64.dll
      "      :	lwjgl_util.jar
      "      :	lwjgl_util_applet.jar
      "      :	natives-windows.jar
      "      :	OpenAL32.dll
      "      :	OpenAL64.dll
      "      :	slick-examples.jar
      "      :	slick.jar
      "      :	tinylinepp.jar
Launcher:	C:\Program Files\Java\jre1.8.0_211\bin\javaw.exe
Launcher args:	-classpath "C:\Users\David\Google Drive\Personal\Computery\Programming Projects\NetBeans Projects\Slick2D Game\Deployment\Deployable\SlickGame.exe;.;..;Advice.txt;ibxm.jar;jinput-dx8.dll;jinput-dx8_64.dll;jinput-raw.dll;jinput-raw_64.dll;jinput.jar;jnlp.jar;jogg-0.0.7.jar;jorbis-0.0.15.jar;lwjgl.dll;lwjgl.jar;lwjgl64.dll;lwjgl_util.jar;lwjgl_util_applet.jar;natives-windows.jar;OpenAL32.dll;OpenAL64.dll;slick-examples.jar;slick.jar;tinylinepp.jar" main.Entry
Args length:	461/32768 chars
Exit code:	0
